<?xml version="1.0" encoding="UTF-8"?>
<!-- Generated by org.testng.reporters.JUnitReportReporter -->
<testsuite hostname="MCSW63ZLPC0540" failures="0" tests="1" name="com.testscript.TestCase9" time="30.763" errors="0" timestamp="2025-01-31T19:31:00 IST" skipped="0">
  <testcase classname="com.testscript.TestCase9" name="TestCase9a" time="30.763"/>
  <system-out/>
</testsuite> <!-- com.testscript.TestCase9 -->
