<?xml version="1.0" encoding="UTF-8"?>
<!-- Generated by org.testng.reporters.JUnitReportReporter -->
<testsuite hostname="MCSW63ZLPC0540" failures="0" tests="1" name="com.testscript.TestCase10" time="47.238" errors="0" timestamp="2025-02-02T16:13:28 IST" skipped="0">
  <testcase classname="com.testscript.TestCase10" name="TestCase" time="47.238"/>
  <system-out>
    <![CDATA[300 TC Cotton King Size Luxury 7 Pc Bedding Set (Heritage)]]>
  </system-out>
</testsuite> <!-- com.testscript.TestCase10 -->
