<?xml version="1.0" encoding="UTF-8"?>
<!-- Generated by org.testng.reporters.JUnitReportReporter -->
<testsuite hostname="MCSW63ZLPC0540" failures="0" tests="1" name="com.testscript.TestCase3" time="49.721" errors="0" timestamp="2025-01-31T19:39:42 IST" skipped="0">
  <testcase classname="com.testscript.TestCase3" name="TestCase" time="49.721"/>
  <system-out/>
</testsuite> <!-- com.testscript.TestCase3 -->
