<?xml version="1.0" encoding="UTF-8"?>
<!-- Generated by org.testng.reporters.JUnitReportReporter -->
<testsuite hostname="MCSW63ZLPC0540" failures="0" tests="1" name="com.testscript.TestCase2" time="30.306" errors="0" timestamp="2025-02-04T07:50:45 IST" skipped="0">
  <testcase classname="com.testscript.TestCase2" name="TestCase_2" time="30.306"/>
  <system-out/>
</testsuite> <!-- com.testscript.TestCase2 -->
