<?xml version="1.0" encoding="UTF-8"?>
<!-- Generated by org.testng.reporters.JUnitReportReporter -->
<testsuite hostname="MCSW63ZLPC0540" failures="0" tests="1" name="com.testscript.TC_07_DeleteAddress" time="24.598" errors="0" timestamp="2025-02-09T12:05:52 IST" skipped="0">
  <testcase classname="com.testscript.TC_07_DeleteAddress" name="TestCase_7" time="24.598"/>
  <system-out/>
</testsuite> <!-- com.testscript.TC_07_DeleteAddress -->
