<?xml version="1.0" encoding="UTF-8"?>
<!-- Generated by org.testng.reporters.JUnitReportReporter -->
<testsuite hostname="MCSW63ZLPC0540" failures="0" tests="1" name="com.testscript.TC_08_ResetFilterAddToWishlist" time="26.798" errors="0" timestamp="2025-02-16T19:48:10 IST" skipped="0">
  <testcase classname="com.testscript.TC_08_ResetFilterAddToWishlist" name="TestCase08_ResetFilterAddToWishlist" time="26.798"/>
  <system-out/>
</testsuite> <!-- com.testscript.TC_08_ResetFilterAddToWishlist -->
