<?xml version="1.0" encoding="UTF-8"?>
<!-- Generated by org.testng.reporters.JUnitReportReporter -->
<testsuite hostname="MCSW63ZLPC0540" failures="0" tests="1" name="com.testscript.TC_10_ProductVerification" time="50.096" errors="0" timestamp="2025-02-16T19:48:10 IST" skipped="0">
  <testcase classname="com.testscript.TC_10_ProductVerification" name="TestCase10_ProductVerification" time="50.096"/>
  <system-out>
    <![CDATA[300 TC Cotton King Size Luxury 7 Pc Bedding Set (Heritage)]]>
  </system-out>
</testsuite> <!-- com.testscript.TC_10_ProductVerification -->
