<?xml version="1.0" encoding="UTF-8"?>
<!-- Generated by org.testng.reporters.JUnitReportReporter -->
<testsuite hostname="MCSW63ZLPC0540" failures="0" tests="1" name="com.testscript.TC_07_DeletingAddress" time="35.708" errors="0" timestamp="2025-02-16T19:48:10 IST" skipped="0">
  <testcase classname="com.testscript.TC_07_DeletingAddress" name="TestCase07_DeletingAddress" time="35.708"/>
  <system-out/>
</testsuite> <!-- com.testscript.TC_07_DeletingAddress -->
