<?xml version="1.0" encoding="UTF-8"?>
<!-- Generated by org.testng.reporters.JUnitReportReporter -->
<testsuite hostname="MCSW63ZLPC0540" failures="0" tests="1" name="com.testscript.TestCase7" time="80.946" errors="0" timestamp="2025-02-03T10:55:41 IST" skipped="0">
  <testcase classname="com.testscript.TestCase7" name="TestCase" time="80.946"/>
  <system-out/>
</testsuite> <!-- com.testscript.TestCase7 -->
