<?xml version="1.0" encoding="UTF-8"?>
<!-- Generated by org.testng.reporters.JUnitReportReporter -->
<testsuite hostname="MCSW63ZLPC0540" failures="0" tests="1" name="com.testscript.TestCase8" time="26.746" errors="0" timestamp="2025-01-31T20:22:55 IST" skipped="0">
  <testcase classname="com.testscript.TestCase8" name="TestCase" time="26.746"/>
  <system-out/>
</testsuite> <!-- com.testscript.TestCase8 -->
