<?xml version="1.0" encoding="UTF-8"?>
<!-- Generated by org.testng.reporters.JUnitReportReporter -->
<testsuite hostname="MCSW63ZLPC0540" failures="0" tests="1" name="com.testscript.TC_03_VerifyPincode" time="37.221" errors="0" timestamp="2025-02-16T19:48:10 IST" skipped="0">
  <testcase classname="com.testscript.TC_03_VerifyPincode" name="TestCase03_VerifyPincode" time="37.221"/>
  <system-out/>
</testsuite> <!-- com.testscript.TC_03_VerifyPincode -->
