<?xml version="1.0" encoding="UTF-8"?>
<!-- Generated by org.testng.reporters.JUnitReportReporter -->
<testsuite hostname="MCSW63ZLPC0540" failures="0" tests="1" name="com.testscript.TestCase8" time="91.693" errors="0" timestamp="2025-02-03T10:39:18 IST" skipped="0">
  <testcase classname="com.testscript.TestCase8" name="TestCase" time="91.693"/>
  <system-out/>
</testsuite> <!-- com.testscript.TestCase8 -->
