<?xml version="1.0" encoding="UTF-8"?>
<!-- Generated by org.testng.reporters.JUnitReportReporter -->
<testsuite hostname="MCSW63ZLPC0540" failures="0" tests="1" name="com.testscript.TC_05_ManufacturerAddress" time="37.896" errors="0" timestamp="2025-02-16T19:48:10 IST" skipped="0">
  <testcase classname="com.testscript.TC_05_ManufacturerAddress" name="TestCase05_ManufactureAddress" time="37.896"/>
  <system-out>
    <![CDATA[]]>
  </system-out>
</testsuite> <!-- com.testscript.TC_05_ManufacturerAddress -->
