<?xml version="1.0" encoding="UTF-8"?>
<!-- Generated by org.testng.reporters.JUnitReportReporter -->
<testsuite hostname="MCSW63ZLPC0540" failures="0" tests="1" name="com.testscript.TestCase5" time="37.632" errors="0" timestamp="2025-01-31T19:45:27 IST" skipped="0">
  <testcase classname="com.testscript.TestCase5" name="TestCase" time="37.632"/>
  <system-out>
    <![CDATA[Monte Carlo Fashions Limited Unit-4, C-12, Phase-V, Focal Point, Ludhiana-141010, Punjab, India]]>
  </system-out>
</testsuite> <!-- com.testscript.TestCase5 -->
