<?xml version="1.0" encoding="UTF-8"?>
<!-- Generated by org.testng.reporters.JUnitReportReporter -->
<testsuite hostname="MCSW63ZLPC0540" failures="0" tests="1" name="com.testscript.TC_05_ManufactureAddress" time="29.916" errors="0" timestamp="2025-02-09T12:05:52 IST" skipped="0">
  <testcase classname="com.testscript.TC_05_ManufactureAddress" name="TestCase_5" time="29.916"/>
  <system-out>
    <![CDATA[]]>
  </system-out>
</testsuite> <!-- com.testscript.TC_05_ManufactureAddress -->
