<?xml version="1.0" encoding="UTF-8"?>
<!-- Generated by org.testng.reporters.JUnitReportReporter -->
<testsuite hostname="MCSW63ZLPC0540" failures="0" tests="1" name="com.testscript.TC_06_AddingAddress" time="29.227" errors="0" timestamp="2025-02-16T19:48:10 IST" skipped="0">
  <testcase classname="com.testscript.TC_06_AddingAddress" name="TestCase06_Adding_Address" time="29.227"/>
  <system-out>
    <![CDATA[Atharva Andekar newly Added address
Pune
411002 AN
India]]>
  </system-out>
</testsuite> <!-- com.testscript.TC_06_AddingAddress -->
